# JRE version: OpenJDK Runtime Environment Temurin-17.0.19+10 (17.0.19+10) (build 17.0.19+10)
# Java VM: OpenJDK 64-Bit Server VM Temurin-17.0.19+10 (17.0.19+10, mixed mode, sharing, tiered, compressed oops, compressed class ptrs, g1 gc, windows-amd64)
GC Precious Log:
 CPUs: 8 total, 8 available
 Memory: 7876M
 Large Page Support: Disabled
 NUMA Support: Disabled
 Compressed Oops: Enabled (32-bit)
 Heap Region Size: 1M
 Heap Min Capacity: 8M
 Heap Initial Capacity: 124M
 Heap Max Capacity: 2G
 Pre-touch: Disabled
 Parallel Workers: 8
 Concurrent Workers: 2
 Concurrent Refinement Workers: 8
 Periodic GC: Disabled
Heap:
 garbage-first heap   total 187392K, used 91352K [0x0000000080000000, 0x0000000100000000)
  region size 1024K, 18 young (18432K), 1 survivors (1024K)
 Metaspace       used 61289K, committed 61824K, reserved 1114112K
  class space    used 8394K, committed 8640K, reserved 1048576K
GC Heap History (20 events):
Event: 37.558 GC heap before
{Heap before GC invocations=19 (full 0):
 garbage-first heap   total 89088K, used 49118K [0x0000000080000000, 0x0000000100000000)
  region size 1024K, 4 young (4096K), 3 survivors (3072K)
 Metaspace       used 51300K, committed 51904K, reserved 1114112K
  class space    used 7207K, committed 7488K, reserved 1048576K
}
Event: 37.561 GC heap after
{Heap after GC invocations=20 (full 0):
 garbage-first heap   total 89088K, used 48186K [0x0000000080000000, 0x0000000100000000)
  region size 1024K, 1 young (1024K), 1 survivors (1024K)
 Metaspace       used 51300K, committed 51904K, reserved 1114112K
  class space    used 7207K, committed 7488K, reserved 1048576K
}
Event: 37.990 GC heap before
{Heap before GC invocations=20 (full 0):
 garbage-first heap   total 89088K, used 69690K [0x0000000080000000, 0x0000000100000000)
  region size 1024K, 23 young (23552K), 1 survivors (1024K)
 Metaspace       used 51369K, committed 51968K, reserved 1114112K
  class space    used 7207K, committed 7488K, reserved 1048576K
}
Event: 37.993 GC heap after
{Heap after GC invocations=21 (full 0):
 garbage-first heap   total 89088K, used 50280K [0x0000000080000000, 0x0000000100000000)
  region size 1024K, 3 young (3072K), 3 survivors (3072K)
 Metaspace       used 51369K, committed 51968K, reserved 1114112K
  class space    used 7207K, committed 7488K, reserved 1048576K
}
Event: 38.435 GC heap before
{Heap before GC invocations=22 (full 0):
 garbage-first heap   total 89088K, used 69736K [0x0000000080000000, 0x0000000100000000)
  region size 1024K, 23 young (23552K), 3 survivors (3072K)
 Metaspace       used 51383K, committed 51968K, reserved 1114112K
  class space    used 7207K, committed 7488K, reserved 1048576K
}
Event: 38.439 GC heap after
{Heap after GC invocations=23 (full 0):
 garbage-first heap   total 89088K, used 50961K [0x0000000080000000, 0x0000000100000000)
  region size 1024K, 3 young (3072K), 3 survivors (3072K)
 Metaspace       used 51383K, committed 51968K, reserved 1114112K
  class space    used 7207K, committed 7488K, reserved 1048576K
}
Event: 38.449 GC heap before
{Heap before GC invocations=23 (full 0):
 garbage-first heap   total 89088K, used 51985K [0x0000000080000000, 0x0000000100000000)
  region size 1024K, 4 young (4096K), 3 survivors (3072K)
 Metaspace       used 51383K, committed 51968K, reserved 1114112K
  class space    used 7207K, committed 7488K, reserved 1048576K
}
Event: 38.452 GC heap after
{Heap after GC invocations=24 (full 0):
 garbage-first heap   total 89088K, used 48390K [0x0000000080000000, 0x0000000100000000)
  region size 1024K, 1 young (1024K), 1 survivors (1024K)
 Metaspace       used 51383K, committed 51968K, reserved 1114112K
  class space    used 7207K, committed 7488K, reserved 1048576K
}
Event: 38.693 GC heap before
{Heap before GC invocations=24 (full 0):
 garbage-first heap   total 89088K, used 69894K [0x0000000080000000, 0x0000000100000000)
  region size 1024K, 23 young (23552K), 1 survivors (1024K)
 Metaspace       used 51394K, committed 51968K, reserved 1114112K
  class space    used 7207K, committed 7488K, reserved 1048576K
}
Event: 38.696 GC heap after
{Heap after GC invocations=25 (full 0):
 garbage-first heap   total 89088K, used 50549K [0x0000000080000000, 0x0000000100000000)
  region size 1024K, 3 young (3072K), 3 survivors (3072K)
 Metaspace       used 51394K, committed 51968K, reserved 1114112K
  class space    used 7207K, committed 7488K, reserved 1048576K
}
Event: 39.246 GC heap before
{Heap before GC invocations=26 (full 0):
 garbage-first heap   total 94208K, used 70005K [0x0000000080000000, 0x0000000100000000)
  region size 1024K, 23 young (23552K), 3 survivors (3072K)
 Metaspace       used 51397K, committed 51968K, reserved 1114112K
  class space    used 7208K, committed 7488K, reserved 1048576K
}
Event: 39.250 GC heap after
{Heap after GC invocations=27 (full 0):
 garbage-first heap   total 94208K, used 51101K [0x0000000080000000, 0x0000000100000000)
  region size 1024K, 3 young (3072K), 3 survivors (3072K)
 Metaspace       used 51397K, committed 51968K, reserved 1114112K
  class space    used 7208K, committed 7488K, reserved 1048576K
}
Event: 39.258 GC heap before
{Heap before GC invocations=27 (full 0):
 garbage-first heap   total 94208K, used 52125K [0x0000000080000000, 0x0000000100000000)
  region size 1024K, 4 young (4096K), 3 survivors (3072K)
 Metaspace       used 51397K, committed 51968K, reserved 1114112K
  class space    used 7208K, committed 7488K, reserved 1048576K
}
Event: 39.262 GC heap after
{Heap after GC invocations=28 (full 0):
 garbage-first heap   total 94208K, used 49590K [0x0000000080000000, 0x0000000100000000)
  region size 1024K, 1 young (1024K), 1 survivors (1024K)
 Metaspace       used 51397K, committed 51968K, reserved 1114112K
  class space    used 7208K, committed 7488K, reserved 1048576K
}
Event: 39.820 GC heap before
{Heap before GC invocations=28 (full 0):
 garbage-first heap   total 94208K, used 74166K [0x0000000080000000, 0x0000000100000000)
  region size 1024K, 26 young (26624K), 1 survivors (1024K)
 Metaspace       used 51401K, committed 51968K, reserved 1114112K
  class space    used 7208K, committed 7488K, reserved 1048576K
}
Event: 39.826 GC heap after
{Heap after GC invocations=29 (full 0):
 garbage-first heap   total 204800K, used 51932K [0x0000000080000000, 0x0000000100000000)
  region size 1024K, 3 young (3072K), 3 survivors (3072K)
 Metaspace       used 51401K, committed 51968K, reserved 1114112K
  class space    used 7208K, committed 7488K, reserved 1048576K
}
Event: 46.515 GC heap before
{Heap before GC invocations=30 (full 0):
 garbage-first heap   total 184320K, used 171740K [0x0000000080000000, 0x0000000100000000)
  region size 1024K, 108 young (110592K), 3 survivors (3072K)
 Metaspace       used 59270K, committed 59904K, reserved 1114112K
  class space    used 8106K, committed 8384K, reserved 1048576K
}
Event: 46.523 GC heap after
{Heap after GC invocations=31 (full 0):
 garbage-first heap   total 187392K, used 74915K [0x0000000080000000, 0x0000000100000000)
  region size 1024K, 14 young (14336K), 14 survivors (14336K)
 Metaspace       used 59270K, committed 59904K, reserved 1114112K
  class space    used 8106K, committed 8384K, reserved 1048576K
}
Event: 46.555 GC heap before
{Heap before GC invocations=31 (full 0):
 garbage-first heap   total 187392K, used 75939K [0x0000000080000000, 0x0000000100000000)
  region size 1024K, 15 young (15360K), 14 survivors (14336K)
 Metaspace       used 59328K, committed 59968K, reserved 1114112K
  class space    used 8125K, committed 8448K, reserved 1048576K
}
Event: 46.561 GC heap after
{Heap after GC invocations=32 (full 0):
 garbage-first heap   total 187392K, used 74968K [0x0000000080000000, 0x0000000100000000)
  region size 1024K, 1 young (1024K), 1 survivors (1024K)
 Metaspace       used 59328K, committed 59968K, reserved 1114112K
  class space    used 8125K, committed 8448K, reserved 1048576K
}

